<?xml version="1.0" encoding="UTF-8"?>
<!-- Generated by org.testng.reporters.JUnitReportReporter -->
<testsuite hostname="LAPTOP-F8N7Q19U" name="com.sq.api_auto.copy.RegisterTestCase" tests="1" failures="0" timestamp="22 Apr 2020 04:56:01 GMT" time="3.566" errors="0">
  <testcase name="test" time="3.566" classname="com.sq.api_auto.copy.RegisterTestCase"/>
</testsuite> <!-- com.sq.api_auto.copy.RegisterTestCase -->
