<?xml version="1.0" encoding="UTF-8"?>
<!-- Generated by org.testng.reporters.JUnitReportReporter -->
<testsuite hostname="LAPTOP-F8N7Q19U" name="com.sq.api_auto.TestCase2" tests="2" failures="0" timestamp="17 Apr 2020 06:42:22 GMT" time="3.475" errors="0">
  <testcase name="test1" time="3.424" classname="com.sq.api_auto.TestCase2"/>
  <testcase name="test1" time="0.051" classname="com.sq.api_auto.TestCase2"/>
</testsuite> <!-- com.sq.api_auto.TestCase2 -->
