<?xml version="1.0" encoding="UTF-8"?>
<!-- Generated by org.testng.reporters.JUnitReportReporter -->
<testsuite hostname="LAPTOP-F8N7Q19U" name="com.sq.api_auto.TestCase3" tests="2" failures="0" timestamp="17 Apr 2020 11:04:48 GMT" time="3.186" errors="0">
  <testcase name="test" time="0.068" classname="com.sq.api_auto.TestCase3"/>
  <testcase name="test" time="3.118" classname="com.sq.api_auto.TestCase3"/>
</testsuite> <!-- com.sq.api_auto.TestCase3 -->
