<?xml version="1.0" encoding="UTF-8"?>
<!-- Generated by org.testng.reporters.JUnitReportReporter -->
<testsuite hostname="LAPTOP-F8N7Q19U" name="testcase.RegisterTestCase" tests="2" failures="0" timestamp="19 Apr 2020 05:56:28 GMT" time="1.023" errors="0">
  <testcase name="test" time="0.926" classname="testcase.RegisterTestCase"/>
  <testcase name="test" time="0.097" classname="testcase.RegisterTestCase"/>
</testsuite> <!-- testcase.RegisterTestCase -->
